<?xml version="1.0" encoding="UTF-8"?>
<!-- Generated by org.testng.reporters.JUnitXMLReporter -->
<testsuite ignored="0" hostname="DESKTOP-MA7LGP5" failures="1" tests="5" name="Test" time="254.825" errors="0" timestamp="2023-04-07T20:06:40 IST">
  <testcase classname="testcases.Signuptest" name="newacnyt" time="0.932"/>
  <testcase classname="testcases.Logintest" name="login" time="10.91"/>
  <testcase classname="testcases.Select_by_departmenttest" name="dept" time="79.2"/>
  <testcase classname="testcases.Searchproducttest" name="searchbox" time="50.156"/>
  <testcase classname="testcases.Select_by_brandstest" name="bybrands" time="16.112">
    <failure type="org.openqa.selenium.ElementClickInterceptedException" message="element click intercepted: Element &amp;lt;a href=&amp;quot;/site/playstation-5/ps5-consoles/pcmcat1587395025973.c?id=pcmcat1587395025973&amp;quot; data-track=&amp;quot;[context:widgetType=flex,linkContent=...,linkRegion=Body,linkPlacement=c2w1]&amp;quot; class=&amp;quot;flex-link&amp;quot;&amp;gt;PS5 consoles&amp;lt;/a&amp;gt; is not clickable at point (618, 599). Other element would receive the click: &amp;lt;div id=&amp;quot;survey_window&amp;quot; class=&amp;quot;modal fade modal-open in&amp;quot; role=&amp;quot;dialog&amp;quot; style=&amp;quot;margin-top: 181px; display: block;&amp;quot;&amp;gt;...&amp;lt;/div&amp;gt;
  (Session info: chrome=112.0.5615.50)
Build info: version: &amp;apos;3.141.59&amp;apos;, revision: &amp;apos;e82be7d358&amp;apos;, time: &amp;apos;2018-11-14T08:17:03&amp;apos;
System info: host: &amp;apos;DESKTOP-MA7LGP5&amp;apos;, ip: &amp;apos;192.168.43.144&amp;apos;, os.name: &amp;apos;Windows 10&amp;apos;, os.arch: &amp;apos;amd64&amp;apos;, os.version: &amp;apos;10.0&amp;apos;, java.version: &amp;apos;11.0.14&amp;apos;
Driver info: org.openqa.selenium.chrome.ChromeDriver
Capabilities {acceptInsecureCerts: false, browserName: chrome, browserVersion: 112.0.5615.50, chrome: {chromedriverVersion: 112.0.5615.49 (bd2a7bcb881c..., userDataDir: C:\Users\PUVI\AppData\Local...}, goog:chromeOptions: {debuggerAddress: localhost:52419}, javascriptEnabled: true, networkConnectionEnabled: false, pageLoadStrategy: normal, platform: WINDOWS, platformName: WINDOWS, proxy: Proxy(), setWindowRect: true, strictFileInteractability: false, timeouts: {implicit: 0, pageLoad: 300000, script: 30000}, unhandledPromptBehavior: dismiss and notify, webauthn:extension:credBlob: true, webauthn:extension:largeBlob: true, webauthn:extension:minPinLength: true, webauthn:extension:prf: true, webauthn:virtualAuthenticators: true}
Session ID: 3a9e6d4b20a2f9cbc7474d624aa3c385">
      <![CDATA[org.openqa.selenium.ElementClickInterceptedException: element click intercepted: Element <a href="/site/playstation-5/ps5-consoles/pcmcat1587395025973.c?id=pcmcat1587395025973" data-track="[context:widgetType=flex,linkContent=...,linkRegion=Body,linkPlacement=c2w1]" class="flex-link">PS5 consoles</a> is not clickable at point (618, 599). Other element would receive the click: <div id="survey_window" class="modal fade modal-open in" role="dialog" style="margin-top: 181px; display: block;">...</div>
  (Session info: chrome=112.0.5615.50)
Build info: version: '3.141.59', revision: 'e82be7d358', time: '2018-11-14T08:17:03'
System info: host: 'DESKTOP-MA7LGP5', ip: '192.168.43.144', os.name: 'Windows 10', os.arch: 'amd64', os.version: '10.0', java.version: '11.0.14'
Driver info: org.openqa.selenium.chrome.ChromeDriver
Capabilities {acceptInsecureCerts: false, browserName: chrome, browserVersion: 112.0.5615.50, chrome: {chromedriverVersion: 112.0.5615.49 (bd2a7bcb881c..., userDataDir: C:\Users\PUVI\AppData\Local...}, goog:chromeOptions: {debuggerAddress: localhost:52419}, javascriptEnabled: true, networkConnectionEnabled: false, pageLoadStrategy: normal, platform: WINDOWS, platformName: WINDOWS, proxy: Proxy(), setWindowRect: true, strictFileInteractability: false, timeouts: {implicit: 0, pageLoad: 300000, script: 30000}, unhandledPromptBehavior: dismiss and notify, webauthn:extension:credBlob: true, webauthn:extension:largeBlob: true, webauthn:extension:minPinLength: true, webauthn:extension:prf: true, webauthn:virtualAuthenticators: true}
Session ID: 3a9e6d4b20a2f9cbc7474d624aa3c385
at org.openqa.selenium.remote.http.W3CHttpResponseCodec.createException(W3CHttpResponseCodec.java:187)
at org.openqa.selenium.remote.http.W3CHttpResponseCodec.decode(W3CHttpResponseCodec.java:122)
at org.openqa.selenium.remote.http.W3CHttpResponseCodec.decode(W3CHttpResponseCodec.java:49)
at org.openqa.selenium.remote.HttpCommandExecutor.execute(HttpCommandExecutor.java:158)
at org.openqa.selenium.remote.service.DriverCommandExecutor.execute(DriverCommandExecutor.java:83)
at org.openqa.selenium.remote.RemoteWebDriver.execute(RemoteWebDriver.java:552)
at org.openqa.selenium.remote.RemoteWebElement.execute(RemoteWebElement.java:285)
at org.openqa.selenium.remote.RemoteWebElement.click(RemoteWebElement.java:84)
at org.openqa.selenium.support.pagefactory.internal.LocatingElementHandler.invoke(LocatingElementHandler.java:51)
at com.sun.proxy.$Proxy12.click(Unknown Source)
at pageobjects.Select_by_brands.all_in_one(Select_by_brands.java:44)
at testcases.Select_by_brandstest.bybrands(Select_by_brandstest.java:15)
at java.base/java.util.ArrayList.forEach(ArrayList.java:1541)
... Removed 34 stack frames]]>
    </failure>
  </testcase> <!-- bybrands -->
</testsuite> <!-- Test -->
